<?xml version="1.0" encoding="UTF-8"?>
<testng-results ignored="0" total="1" passed="1" failed="0" skipped="0">
  <reporter-output>
  </reporter-output>
  <suite started-at="2023-02-09T21:26:31 IST" name="Default suite" finished-at="2023-02-09T21:26:58 IST" duration-ms="26171">
    <groups>
      <group name="regression">
        <method signature="LoginTest.verifyTitleOfLoginPage()[pri:0, instance:test.LoginTest@505fc5a4]" name="verifyTitleOfLoginPage" class="test.LoginTest"/>
      </group> <!-- regression -->
      <group name="smoke">
        <method signature="LoginTest.verifyTitleOfLoginPage()[pri:0, instance:test.LoginTest@505fc5a4]" name="verifyTitleOfLoginPage" class="test.LoginTest"/>
      </group> <!-- smoke -->
    </groups>
    <test started-at="2023-02-09T21:26:31 IST" name="Default test" finished-at="2023-02-09T21:26:58 IST" duration-ms="26171">
      <class name="test.LoginTest">
        <test-method is-config="true" signature="initbrowser()[pri:0, instance:test.LoginTest@505fc5a4]" started-at="2023-02-09T21:26:32 IST" name="initbrowser" finished-at="2023-02-09T21:26:55 IST" duration-ms="23067" status="PASS">
          <reporter-output>
          </reporter-output>
        </test-method> <!-- initbrowser -->
        <test-method is-config="true" signature="pageObject()[pri:0, instance:test.LoginTest@505fc5a4]" started-at="2023-02-09T21:26:55 IST" name="pageObject" finished-at="2023-02-09T21:26:55 IST" duration-ms="31" status="PASS">
          <reporter-output>
          </reporter-output>
        </test-method> <!-- pageObject -->
        <test-method signature="verifyTitleOfLoginPage()[pri:0, instance:test.LoginTest@505fc5a4]" started-at="2023-02-09T21:26:55 IST" name="verifyTitleOfLoginPage" finished-at="2023-02-09T21:26:57 IST" duration-ms="2262" status="PASS">
          <reporter-output>
          </reporter-output>
        </test-method> <!-- verifyTitleOfLoginPage -->
        <test-method is-config="true" signature="tearDownEnvirment()[pri:0, instance:test.LoginTest@505fc5a4]" started-at="2023-02-09T21:26:57 IST" name="tearDownEnvirment" finished-at="2023-02-09T21:26:58 IST" duration-ms="747" status="PASS">
          <reporter-output>
          </reporter-output>
        </test-method> <!-- tearDownEnvirment -->
      </class> <!-- test.LoginTest -->
    </test> <!-- Default test -->
  </suite> <!-- Default suite -->
</testng-results>
